########### array before sorts ###########
0	2.540000	15.240000	100.000000	15.240000	n
1	100.000000	15.240000	100.000000	72.380000	n
2	100.000000	72.380000	2.540000	72.380000	n
3	2.540000	72.380000	2.540000	15.240000	n
Tolerance=0.050000.
*Exact match for i=0 and j=1.
*i point 2.540000	15.240000	100.000000	15.240000	y
*Exact match for i=1 and j=2.
*i point 100.000000	15.240000	100.000000	72.380000	y
*Exact match for i=2 and j=3.
*i point 100.000000	72.380000	2.540000	72.380000	y
########### array after sorts ###########
0	2.540000	15.240000	100.000000	15.240000	y
1	100.000000	15.240000	100.000000	72.380000	y
2	100.000000	72.380000	2.540000	72.380000	y
3	2.540000	72.380000	2.540000	15.240000	y
***************
.BOARD_OUTLINE UNOWNED
1.6
0     2.540000     15.240000     0
0     100.000000     15.240000     0
0     100.000000     72.380000     0
0     2.540000     72.380000     0
0     2.540000     15.240000     0
