########### array before sorts ###########
0	-0.600000	-0.600000	-0.600000	-78.400000	n
1	-0.600000	-78.400000	-0.579555	-78.555291	n
2	-0.579555	-78.555291	-0.519615	-78.700000	n
3	-0.519615	-78.700000	-0.424264	-78.824264	n
4	-0.424264	-78.824264	-0.300000	-78.919615	n
5	-0.300000	-78.919615	-0.155291	-78.979555	n
6	-0.155291	-78.979555	0.000000	-79.000000	n
7	0.000000	-79.000000	98.800000	-79.000000	n
8	98.800000	-79.000000	98.955291	-78.979555	n
9	98.955291	-78.979555	99.100000	-78.919615	n
10	99.100000	-78.919615	99.224264	-78.824264	n
11	99.224264	-78.824264	99.319615	-78.700000	n
12	99.319615	-78.700000	99.379555	-78.555291	n
13	99.379555	-78.555291	99.400000	-78.400000	n
14	99.400000	-78.400000	99.400000	-0.600000	n
15	99.400000	-0.600000	99.379555	-0.444709	n
16	99.379555	-0.444709	99.319615	-0.300000	n
17	99.319615	-0.300000	99.224264	-0.175736	n
18	99.224264	-0.175736	99.100000	-0.080385	n
19	99.100000	-0.080385	98.955291	-0.020445	n
20	98.955291	-0.020445	98.800000	0.000000	n
21	98.800000	0.000000	0.000000	0.000000	n
22	0.000000	0.000000	-0.155291	-0.020445	n
23	-0.155291	-0.020445	-0.300000	-0.080385	n
24	-0.300000	-0.080385	-0.424264	-0.175736	n
25	-0.424264	-0.175736	-0.519615	-0.300000	n
26	-0.519615	-0.300000	-0.579555	-0.444709	n
27	-0.579555	-0.444709	-0.600000	-0.600000	n
28	90.775000	-62.000000	90.763237	-61.820526	n
29	90.763237	-61.820526	90.728148	-61.644124	n
30	90.728148	-61.644124	90.590785	-61.312500	n
31	90.590785	-61.312500	90.372272	-61.027728	n
32	90.372272	-61.027728	90.087500	-60.809215	n
33	90.087500	-60.809215	89.755876	-60.671852	n
34	89.755876	-60.671852	89.400000	-60.625000	n
35	89.400000	-60.625000	89.044124	-60.671852	n
36	89.044124	-60.671852	88.712500	-60.809215	n
37	88.712500	-60.809215	88.427728	-61.027728	n
38	88.427728	-61.027728	88.209215	-61.312500	n
39	88.209215	-61.312500	88.071852	-61.644124	n
40	88.071852	-61.644124	88.025000	-62.000000	n
41	88.025000	-62.000000	88.071852	-62.355876	n
42	88.071852	-62.355876	88.209215	-62.687500	n
43	88.209215	-62.687500	88.427728	-62.972272	n
44	88.427728	-62.972272	88.712500	-63.190785	n
45	88.712500	-63.190785	89.044124	-63.328148	n
46	89.044124	-63.328148	89.400000	-63.375000	n
47	89.400000	-63.375000	89.755876	-63.328148	n
48	89.755876	-63.328148	90.087500	-63.190785	n
49	90.087500	-63.190785	90.372272	-62.972272	n
50	90.372272	-62.972272	90.590785	-62.687500	n
51	90.590785	-62.687500	90.728148	-62.355876	n
52	90.728148	-62.355876	90.775000	-62.000000	n
53	4.775000	-62.000000	4.763237	-61.820526	n
54	4.763237	-61.820526	4.728148	-61.644124	n
55	4.728148	-61.644124	4.590785	-61.312500	n
56	4.590785	-61.312500	4.372272	-61.027728	n
57	4.372272	-61.027728	4.087500	-60.809215	n
58	4.087500	-60.809215	3.755876	-60.671852	n
59	3.755876	-60.671852	3.400000	-60.625000	n
60	3.400000	-60.625000	3.044124	-60.671852	n
61	3.044124	-60.671852	2.712500	-60.809215	n
62	2.712500	-60.809215	2.427728	-61.027728	n
63	2.427728	-61.027728	2.209215	-61.312500	n
64	2.209215	-61.312500	2.071852	-61.644124	n
65	2.071852	-61.644124	2.025000	-62.000000	n
66	2.025000	-62.000000	2.071852	-62.355876	n
67	2.071852	-62.355876	2.209215	-62.687500	n
68	2.209215	-62.687500	2.427728	-62.972272	n
69	2.427728	-62.972272	2.712500	-63.190785	n
70	2.712500	-63.190785	3.044124	-63.328148	n
71	3.044124	-63.328148	3.400000	-63.375000	n
72	3.400000	-63.375000	3.755876	-63.328148	n
73	3.755876	-63.328148	4.087500	-63.190785	n
74	4.087500	-63.190785	4.372272	-62.972272	n
75	4.372272	-62.972272	4.590785	-62.687500	n
76	4.590785	-62.687500	4.728148	-62.355876	n
77	4.728148	-62.355876	4.775000	-62.000000	n
78	4.775000	-4.000000	4.763237	-3.820526	n
79	4.763237	-3.820526	4.728148	-3.644124	n
80	4.728148	-3.644124	4.590785	-3.312500	n
81	4.590785	-3.312500	4.372272	-3.027728	n
82	4.372272	-3.027728	4.087500	-2.809215	n
83	4.087500	-2.809215	3.755876	-2.671852	n
84	3.755876	-2.671852	3.400000	-2.625000	n
85	3.400000	-2.625000	3.044124	-2.671852	n
86	3.044124	-2.671852	2.712500	-2.809215	n
87	2.712500	-2.809215	2.427728	-3.027728	n
88	2.427728	-3.027728	2.209215	-3.312500	n
89	2.209215	-3.312500	2.071852	-3.644124	n
90	2.071852	-3.644124	2.025000	-4.000000	n
91	2.025000	-4.000000	2.071852	-4.355876	n
92	2.071852	-4.355876	2.209215	-4.687500	n
93	2.209215	-4.687500	2.427728	-4.972272	n
94	2.427728	-4.972272	2.712500	-5.190785	n
95	2.712500	-5.190785	3.044124	-5.328148	n
96	3.044124	-5.328148	3.400000	-5.375000	n
97	3.400000	-5.375000	3.755876	-5.328148	n
98	3.755876	-5.328148	4.087500	-5.190785	n
99	4.087500	-5.190785	4.372272	-4.972272	n
100	4.372272	-4.972272	4.590785	-4.687500	n
101	4.590785	-4.687500	4.728148	-4.355876	n
102	4.728148	-4.355876	4.775000	-4.000000	n
103	90.775000	-4.000000	90.763237	-3.820526	n
104	90.763237	-3.820526	90.728148	-3.644124	n
105	90.728148	-3.644124	90.590785	-3.312500	n
106	90.590785	-3.312500	90.372272	-3.027728	n
107	90.372272	-3.027728	90.087500	-2.809215	n
108	90.087500	-2.809215	89.755876	-2.671852	n
109	89.755876	-2.671852	89.400000	-2.625000	n
110	89.400000	-2.625000	89.044124	-2.671852	n
111	89.044124	-2.671852	88.712500	-2.809215	n
112	88.712500	-2.809215	88.427728	-3.027728	n
113	88.427728	-3.027728	88.209215	-3.312500	n
114	88.209215	-3.312500	88.071852	-3.644124	n
115	88.071852	-3.644124	88.025000	-4.000000	n
116	88.025000	-4.000000	88.071852	-4.355876	n
117	88.071852	-4.355876	88.209215	-4.687500	n
118	88.209215	-4.687500	88.427728	-4.972272	n
119	88.427728	-4.972272	88.712500	-5.190785	n
120	88.712500	-5.190785	89.044124	-5.328148	n
121	89.044124	-5.328148	89.400000	-5.375000	n
122	89.400000	-5.375000	89.755876	-5.328148	n
123	89.755876	-5.328148	90.087500	-5.190785	n
124	90.087500	-5.190785	90.372272	-4.972272	n
125	90.372272	-4.972272	90.590785	-4.687500	n
126	90.590785	-4.687500	90.728148	-4.355876	n
127	90.728148	-4.355876	90.775000	-4.000000	n
Tolerance=0.050000.
*Exact match for i=0 and j=1.
*i point -0.600000	-0.600000	-0.600000	-78.400000	y
*Exact match for i=1 and j=2.
*i point -0.600000	-78.400000	-0.579555	-78.555291	y
*Exact match for i=2 and j=3.
*i point -0.579555	-78.555291	-0.519615	-78.700000	y
*Exact match for i=3 and j=4.
*i point -0.519615	-78.700000	-0.424264	-78.824264	y
*Exact match for i=4 and j=5.
*i point -0.424264	-78.824264	-0.300000	-78.919615	y
*Exact match for i=5 and j=6.
*i point -0.300000	-78.919615	-0.155291	-78.979555	y
*Exact match for i=6 and j=7.
*i point -0.155291	-78.979555	0.000000	-79.000000	y
*Exact match for i=7 and j=8.
*i point 0.000000	-79.000000	98.800000	-79.000000	y
*Exact match for i=8 and j=9.
*i point 98.800000	-79.000000	98.955291	-78.979555	y
*Exact match for i=9 and j=10.
*i point 98.955291	-78.979555	99.100000	-78.919615	y
*Exact match for i=10 and j=11.
*i point 99.100000	-78.919615	99.224264	-78.824264	y
*Exact match for i=11 and j=12.
*i point 99.224264	-78.824264	99.319615	-78.700000	y
*Exact match for i=12 and j=13.
*i point 99.319615	-78.700000	99.379555	-78.555291	y
*Exact match for i=13 and j=14.
*i point 99.379555	-78.555291	99.400000	-78.400000	y
*Exact match for i=14 and j=15.
*i point 99.400000	-78.400000	99.400000	-0.600000	y
*Exact match for i=15 and j=16.
*i point 99.400000	-0.600000	99.379555	-0.444709	y
*Exact match for i=16 and j=17.
*i point 99.379555	-0.444709	99.319615	-0.300000	y
*Exact match for i=17 and j=18.
*i point 99.319615	-0.300000	99.224264	-0.175736	y
*Exact match for i=18 and j=19.
*i point 99.224264	-0.175736	99.100000	-0.080385	y
*Exact match for i=19 and j=20.
*i point 99.100000	-0.080385	98.955291	-0.020445	y
*Exact match for i=20 and j=21.
*i point 98.955291	-0.020445	98.800000	0.000000	y
*Exact match for i=21 and j=22.
*i point 98.800000	0.000000	0.000000	0.000000	y
*Exact match for i=22 and j=23.
*i point 0.000000	0.000000	-0.155291	-0.020445	y
*Exact match for i=23 and j=24.
*i point -0.155291	-0.020445	-0.300000	-0.080385	y
*Exact match for i=24 and j=25.
*i point -0.300000	-0.080385	-0.424264	-0.175736	y
*Exact match for i=25 and j=26.
*i point -0.424264	-0.175736	-0.519615	-0.300000	y
*Exact match for i=26 and j=27.
*i point -0.519615	-0.300000	-0.579555	-0.444709	y
*Exact match for i=28 and j=29.
*i point 90.775000	-62.000000	90.763237	-61.820526	y
*Exact match for i=29 and j=30.
*i point 90.763237	-61.820526	90.728148	-61.644124	y
*Exact match for i=30 and j=31.
*i point 90.728148	-61.644124	90.590785	-61.312500	y
*Exact match for i=31 and j=32.
*i point 90.590785	-61.312500	90.372272	-61.027728	y
*Exact match for i=32 and j=33.
*i point 90.372272	-61.027728	90.087500	-60.809215	y
*Exact match for i=33 and j=34.
*i point 90.087500	-60.809215	89.755876	-60.671852	y
*Exact match for i=34 and j=35.
*i point 89.755876	-60.671852	89.400000	-60.625000	y
*Exact match for i=35 and j=36.
*i point 89.400000	-60.625000	89.044124	-60.671852	y
*Exact match for i=36 and j=37.
*i point 89.044124	-60.671852	88.712500	-60.809215	y
*Exact match for i=37 and j=38.
*i point 88.712500	-60.809215	88.427728	-61.027728	y
*Exact match for i=38 and j=39.
*i point 88.427728	-61.027728	88.209215	-61.312500	y
*Exact match for i=39 and j=40.
*i point 88.209215	-61.312500	88.071852	-61.644124	y
*Exact match for i=40 and j=41.
*i point 88.071852	-61.644124	88.025000	-62.000000	y
*Exact match for i=41 and j=42.
*i point 88.025000	-62.000000	88.071852	-62.355876	y
*Exact match for i=42 and j=43.
*i point 88.071852	-62.355876	88.209215	-62.687500	y
*Exact match for i=43 and j=44.
*i point 88.209215	-62.687500	88.427728	-62.972272	y
*Exact match for i=44 and j=45.
*i point 88.427728	-62.972272	88.712500	-63.190785	y
*Exact match for i=45 and j=46.
*i point 88.712500	-63.190785	89.044124	-63.328148	y
*Exact match for i=46 and j=47.
*i point 89.044124	-63.328148	89.400000	-63.375000	y
*Exact match for i=47 and j=48.
*i point 89.400000	-63.375000	89.755876	-63.328148	y
*Exact match for i=48 and j=49.
*i point 89.755876	-63.328148	90.087500	-63.190785	y
*Exact match for i=49 and j=50.
*i point 90.087500	-63.190785	90.372272	-62.972272	y
*Exact match for i=50 and j=51.
*i point 90.372272	-62.972272	90.590785	-62.687500	y
*Exact match for i=51 and j=52.
*i point 90.590785	-62.687500	90.728148	-62.355876	y
*Exact match for i=53 and j=54.
*i point 4.775000	-62.000000	4.763237	-61.820526	y
*Exact match for i=54 and j=55.
*i point 4.763237	-61.820526	4.728148	-61.644124	y
*Exact match for i=55 and j=56.
*i point 4.728148	-61.644124	4.590785	-61.312500	y
*Exact match for i=56 and j=57.
*i point 4.590785	-61.312500	4.372272	-61.027728	y
*Exact match for i=57 and j=58.
*i point 4.372272	-61.027728	4.087500	-60.809215	y
*Exact match for i=58 and j=59.
*i point 4.087500	-60.809215	3.755876	-60.671852	y
*Exact match for i=59 and j=60.
*i point 3.755876	-60.671852	3.400000	-60.625000	y
*Exact match for i=60 and j=61.
*i point 3.400000	-60.625000	3.044124	-60.671852	y
*Exact match for i=61 and j=62.
*i point 3.044124	-60.671852	2.712500	-60.809215	y
*Exact match for i=62 and j=63.
*i point 2.712500	-60.809215	2.427728	-61.027728	y
*Exact match for i=63 and j=64.
*i point 2.427728	-61.027728	2.209215	-61.312500	y
*Exact match for i=64 and j=65.
*i point 2.209215	-61.312500	2.071852	-61.644124	y
*Exact match for i=65 and j=66.
*i point 2.071852	-61.644124	2.025000	-62.000000	y
*Exact match for i=66 and j=67.
*i point 2.025000	-62.000000	2.071852	-62.355876	y
*Exact match for i=67 and j=68.
*i point 2.071852	-62.355876	2.209215	-62.687500	y
*Exact match for i=68 and j=69.
*i point 2.209215	-62.687500	2.427728	-62.972272	y
*Exact match for i=69 and j=70.
*i point 2.427728	-62.972272	2.712500	-63.190785	y
*Exact match for i=70 and j=71.
*i point 2.712500	-63.190785	3.044124	-63.328148	y
*Exact match for i=71 and j=72.
*i point 3.044124	-63.328148	3.400000	-63.375000	y
*Exact match for i=72 and j=73.
*i point 3.400000	-63.375000	3.755876	-63.328148	y
*Exact match for i=73 and j=74.
*i point 3.755876	-63.328148	4.087500	-63.190785	y
*Exact match for i=74 and j=75.
*i point 4.087500	-63.190785	4.372272	-62.972272	y
*Exact match for i=75 and j=76.
*i point 4.372272	-62.972272	4.590785	-62.687500	y
*Exact match for i=76 and j=77.
*i point 4.590785	-62.687500	4.728148	-62.355876	y
*Exact match for i=78 and j=79.
*i point 4.775000	-4.000000	4.763237	-3.820526	y
*Exact match for i=79 and j=80.
*i point 4.763237	-3.820526	4.728148	-3.644124	y
*Exact match for i=80 and j=81.
*i point 4.728148	-3.644124	4.590785	-3.312500	y
*Exact match for i=81 and j=82.
*i point 4.590785	-3.312500	4.372272	-3.027728	y
*Exact match for i=82 and j=83.
*i point 4.372272	-3.027728	4.087500	-2.809215	y
*Exact match for i=83 and j=84.
*i point 4.087500	-2.809215	3.755876	-2.671852	y
*Exact match for i=84 and j=85.
*i point 3.755876	-2.671852	3.400000	-2.625000	y
*Exact match for i=85 and j=86.
*i point 3.400000	-2.625000	3.044124	-2.671852	y
*Exact match for i=86 and j=87.
*i point 3.044124	-2.671852	2.712500	-2.809215	y
*Exact match for i=87 and j=88.
*i point 2.712500	-2.809215	2.427728	-3.027728	y
*Exact match for i=88 and j=89.
*i point 2.427728	-3.027728	2.209215	-3.312500	y
*Exact match for i=89 and j=90.
*i point 2.209215	-3.312500	2.071852	-3.644124	y
*Exact match for i=90 and j=91.
*i point 2.071852	-3.644124	2.025000	-4.000000	y
*Exact match for i=91 and j=92.
*i point 2.025000	-4.000000	2.071852	-4.355876	y
*Exact match for i=92 and j=93.
*i point 2.071852	-4.355876	2.209215	-4.687500	y
*Exact match for i=93 and j=94.
*i point 2.209215	-4.687500	2.427728	-4.972272	y
*Exact match for i=94 and j=95.
*i point 2.427728	-4.972272	2.712500	-5.190785	y
*Exact match for i=95 and j=96.
*i point 2.712500	-5.190785	3.044124	-5.328148	y
*Exact match for i=96 and j=97.
*i point 3.044124	-5.328148	3.400000	-5.375000	y
*Exact match for i=97 and j=98.
*i point 3.400000	-5.375000	3.755876	-5.328148	y
*Exact match for i=98 and j=99.
*i point 3.755876	-5.328148	4.087500	-5.190785	y
*Exact match for i=99 and j=100.
*i point 4.087500	-5.190785	4.372272	-4.972272	y
*Exact match for i=100 and j=101.
*i point 4.372272	-4.972272	4.590785	-4.687500	y
*Exact match for i=101 and j=102.
*i point 4.590785	-4.687500	4.728148	-4.355876	y
*Exact match for i=103 and j=104.
*i point 90.775000	-4.000000	90.763237	-3.820526	y
*Exact match for i=104 and j=105.
*i point 90.763237	-3.820526	90.728148	-3.644124	y
*Exact match for i=105 and j=106.
*i point 90.728148	-3.644124	90.590785	-3.312500	y
*Exact match for i=106 and j=107.
*i point 90.590785	-3.312500	90.372272	-3.027728	y
*Exact match for i=107 and j=108.
*i point 90.372272	-3.027728	90.087500	-2.809215	y
*Exact match for i=108 and j=109.
*i point 90.087500	-2.809215	89.755876	-2.671852	y
*Exact match for i=109 and j=110.
*i point 89.755876	-2.671852	89.400000	-2.625000	y
*Exact match for i=110 and j=111.
*i point 89.400000	-2.625000	89.044124	-2.671852	y
*Exact match for i=111 and j=112.
*i point 89.044124	-2.671852	88.712500	-2.809215	y
*Exact match for i=112 and j=113.
*i point 88.712500	-2.809215	88.427728	-3.027728	y
*Exact match for i=113 and j=114.
*i point 88.427728	-3.027728	88.209215	-3.312500	y
*Exact match for i=114 and j=115.
*i point 88.209215	-3.312500	88.071852	-3.644124	y
*Exact match for i=115 and j=116.
*i point 88.071852	-3.644124	88.025000	-4.000000	y
*Exact match for i=116 and j=117.
*i point 88.025000	-4.000000	88.071852	-4.355876	y
*Exact match for i=117 and j=118.
*i point 88.071852	-4.355876	88.209215	-4.687500	y
*Exact match for i=118 and j=119.
*i point 88.209215	-4.687500	88.427728	-4.972272	y
*Exact match for i=119 and j=120.
*i point 88.427728	-4.972272	88.712500	-5.190785	y
*Exact match for i=120 and j=121.
*i point 88.712500	-5.190785	89.044124	-5.328148	y
*Exact match for i=121 and j=122.
*i point 89.044124	-5.328148	89.400000	-5.375000	y
*Exact match for i=122 and j=123.
*i point 89.400000	-5.375000	89.755876	-5.328148	y
*Exact match for i=123 and j=124.
*i point 89.755876	-5.328148	90.087500	-5.190785	y
*Exact match for i=124 and j=125.
*i point 90.087500	-5.190785	90.372272	-4.972272	y
*Exact match for i=125 and j=126.
*i point 90.372272	-4.972272	90.590785	-4.687500	y
*Exact match for i=126 and j=127.
*i point 90.590785	-4.687500	90.728148	-4.355876	y
########### array after sorts ###########
0	-0.600000	-0.600000	-0.600000	-78.400000	y
1	-0.600000	-78.400000	-0.579555	-78.555291	y
2	-0.579555	-78.555291	-0.519615	-78.700000	y
3	-0.519615	-78.700000	-0.424264	-78.824264	y
4	-0.424264	-78.824264	-0.300000	-78.919615	y
5	-0.300000	-78.919615	-0.155291	-78.979555	y
6	-0.155291	-78.979555	0.000000	-79.000000	y
7	0.000000	-79.000000	98.800000	-79.000000	y
8	98.800000	-79.000000	98.955291	-78.979555	y
9	98.955291	-78.979555	99.100000	-78.919615	y
10	99.100000	-78.919615	99.224264	-78.824264	y
11	99.224264	-78.824264	99.319615	-78.700000	y
12	99.319615	-78.700000	99.379555	-78.555291	y
13	99.379555	-78.555291	99.400000	-78.400000	y
14	99.400000	-78.400000	99.400000	-0.600000	y
15	99.400000	-0.600000	99.379555	-0.444709	y
16	99.379555	-0.444709	99.319615	-0.300000	y
17	99.319615	-0.300000	99.224264	-0.175736	y
18	99.224264	-0.175736	99.100000	-0.080385	y
19	99.100000	-0.080385	98.955291	-0.020445	y
20	98.955291	-0.020445	98.800000	0.000000	y
21	98.800000	0.000000	0.000000	0.000000	y
22	0.000000	0.000000	-0.155291	-0.020445	y
23	-0.155291	-0.020445	-0.300000	-0.080385	y
24	-0.300000	-0.080385	-0.424264	-0.175736	y
25	-0.424264	-0.175736	-0.519615	-0.300000	y
26	-0.519615	-0.300000	-0.579555	-0.444709	y
27	-0.579555	-0.444709	-0.600000	-0.600000	y
28	90.775000	-62.000000	90.763237	-61.820526	y
29	90.763237	-61.820526	90.728148	-61.644124	y
30	90.728148	-61.644124	90.590785	-61.312500	y
31	90.590785	-61.312500	90.372272	-61.027728	y
32	90.372272	-61.027728	90.087500	-60.809215	y
33	90.087500	-60.809215	89.755876	-60.671852	y
34	89.755876	-60.671852	89.400000	-60.625000	y
35	89.400000	-60.625000	89.044124	-60.671852	y
36	89.044124	-60.671852	88.712500	-60.809215	y
37	88.712500	-60.809215	88.427728	-61.027728	y
38	88.427728	-61.027728	88.209215	-61.312500	y
39	88.209215	-61.312500	88.071852	-61.644124	y
40	88.071852	-61.644124	88.025000	-62.000000	y
41	88.025000	-62.000000	88.071852	-62.355876	y
42	88.071852	-62.355876	88.209215	-62.687500	y
43	88.209215	-62.687500	88.427728	-62.972272	y
44	88.427728	-62.972272	88.712500	-63.190785	y
45	88.712500	-63.190785	89.044124	-63.328148	y
46	89.044124	-63.328148	89.400000	-63.375000	y
47	89.400000	-63.375000	89.755876	-63.328148	y
48	89.755876	-63.328148	90.087500	-63.190785	y
49	90.087500	-63.190785	90.372272	-62.972272	y
50	90.372272	-62.972272	90.590785	-62.687500	y
51	90.590785	-62.687500	90.728148	-62.355876	y
52	90.728148	-62.355876	90.775000	-62.000000	y
53	4.775000	-62.000000	4.763237	-61.820526	y
54	4.763237	-61.820526	4.728148	-61.644124	y
55	4.728148	-61.644124	4.590785	-61.312500	y
56	4.590785	-61.312500	4.372272	-61.027728	y
57	4.372272	-61.027728	4.087500	-60.809215	y
58	4.087500	-60.809215	3.755876	-60.671852	y
59	3.755876	-60.671852	3.400000	-60.625000	y
60	3.400000	-60.625000	3.044124	-60.671852	y
61	3.044124	-60.671852	2.712500	-60.809215	y
62	2.712500	-60.809215	2.427728	-61.027728	y
63	2.427728	-61.027728	2.209215	-61.312500	y
64	2.209215	-61.312500	2.071852	-61.644124	y
65	2.071852	-61.644124	2.025000	-62.000000	y
66	2.025000	-62.000000	2.071852	-62.355876	y
67	2.071852	-62.355876	2.209215	-62.687500	y
68	2.209215	-62.687500	2.427728	-62.972272	y
69	2.427728	-62.972272	2.712500	-63.190785	y
70	2.712500	-63.190785	3.044124	-63.328148	y
71	3.044124	-63.328148	3.400000	-63.375000	y
72	3.400000	-63.375000	3.755876	-63.328148	y
73	3.755876	-63.328148	4.087500	-63.190785	y
74	4.087500	-63.190785	4.372272	-62.972272	y
75	4.372272	-62.972272	4.590785	-62.687500	y
76	4.590785	-62.687500	4.728148	-62.355876	y
77	4.728148	-62.355876	4.775000	-62.000000	y
78	4.775000	-4.000000	4.763237	-3.820526	y
79	4.763237	-3.820526	4.728148	-3.644124	y
80	4.728148	-3.644124	4.590785	-3.312500	y
81	4.590785	-3.312500	4.372272	-3.027728	y
82	4.372272	-3.027728	4.087500	-2.809215	y
83	4.087500	-2.809215	3.755876	-2.671852	y
84	3.755876	-2.671852	3.400000	-2.625000	y
85	3.400000	-2.625000	3.044124	-2.671852	y
86	3.044124	-2.671852	2.712500	-2.809215	y
87	2.712500	-2.809215	2.427728	-3.027728	y
88	2.427728	-3.027728	2.209215	-3.312500	y
89	2.209215	-3.312500	2.071852	-3.644124	y
90	2.071852	-3.644124	2.025000	-4.000000	y
91	2.025000	-4.000000	2.071852	-4.355876	y
92	2.071852	-4.355876	2.209215	-4.687500	y
93	2.209215	-4.687500	2.427728	-4.972272	y
94	2.427728	-4.972272	2.712500	-5.190785	y
95	2.712500	-5.190785	3.044124	-5.328148	y
96	3.044124	-5.328148	3.400000	-5.375000	y
97	3.400000	-5.375000	3.755876	-5.328148	y
98	3.755876	-5.328148	4.087500	-5.190785	y
99	4.087500	-5.190785	4.372272	-4.972272	y
100	4.372272	-4.972272	4.590785	-4.687500	y
101	4.590785	-4.687500	4.728148	-4.355876	y
102	4.728148	-4.355876	4.775000	-4.000000	y
103	90.775000	-4.000000	90.763237	-3.820526	y
104	90.763237	-3.820526	90.728148	-3.644124	y
105	90.728148	-3.644124	90.590785	-3.312500	y
106	90.590785	-3.312500	90.372272	-3.027728	y
107	90.372272	-3.027728	90.087500	-2.809215	y
108	90.087500	-2.809215	89.755876	-2.671852	y
109	89.755876	-2.671852	89.400000	-2.625000	y
110	89.400000	-2.625000	89.044124	-2.671852	y
111	89.044124	-2.671852	88.712500	-2.809215	y
112	88.712500	-2.809215	88.427728	-3.027728	y
113	88.427728	-3.027728	88.209215	-3.312500	y
114	88.209215	-3.312500	88.071852	-3.644124	y
115	88.071852	-3.644124	88.025000	-4.000000	y
116	88.025000	-4.000000	88.071852	-4.355876	y
117	88.071852	-4.355876	88.209215	-4.687500	y
118	88.209215	-4.687500	88.427728	-4.972272	y
119	88.427728	-4.972272	88.712500	-5.190785	y
120	88.712500	-5.190785	89.044124	-5.328148	y
121	89.044124	-5.328148	89.400000	-5.375000	y
122	89.400000	-5.375000	89.755876	-5.328148	y
123	89.755876	-5.328148	90.087500	-5.190785	y
124	90.087500	-5.190785	90.372272	-4.972272	y
125	90.372272	-4.972272	90.590785	-4.687500	y
126	90.590785	-4.687500	90.728148	-4.355876	y
127	90.728148	-4.355876	90.775000	-4.000000	y
***************
.BOARD_OUTLINE UNOWNED
1.6
0     -0.600000     -0.600000     0
0     -0.600000     -78.400000     0
0     -0.579555     -78.555291     0
0     -0.519615     -78.700000     0
0     -0.424264     -78.824264     0
0     -0.300000     -78.919615     0
0     -0.155291     -78.979555     0
0     0.000000     -79.000000     0
0     98.800000     -79.000000     0
0     98.955291     -78.979555     0
0     99.100000     -78.919615     0
0     99.224264     -78.824264     0
0     99.319615     -78.700000     0
0     99.379555     -78.555291     0
0     99.400000     -78.400000     0
0     99.400000     -0.600000     0
0     99.379555     -0.444709     0
0     99.319615     -0.300000     0
0     99.224264     -0.175736     0
0     99.100000     -0.080385     0
0     98.955291     -0.020445     0
0     98.800000     0.000000     0
0     0.000000     0.000000     0
0     -0.155291     -0.020445     0
0     -0.300000     -0.080385     0
0     -0.424264     -0.175736     0
0     -0.519615     -0.300000     0
0     -0.579555     -0.444709     0
0     -0.600000     -0.600000     0
1     90.775000     -62.000000     0
1     90.763237     -61.820526     0
1     90.728148     -61.644124     0
1     90.590785     -61.312500     0
1     90.372272     -61.027728     0
1     90.087500     -60.809215     0
1     89.755876     -60.671852     0
1     89.400000     -60.625000     0
1     89.044124     -60.671852     0
1     88.712500     -60.809215     0
1     88.427728     -61.027728     0
1     88.209215     -61.312500     0
1     88.071852     -61.644124     0
1     88.025000     -62.000000     0
1     88.071852     -62.355876     0
1     88.209215     -62.687500     0
1     88.427728     -62.972272     0
1     88.712500     -63.190785     0
1     89.044124     -63.328148     0
1     89.400000     -63.375000     0
1     89.755876     -63.328148     0
1     90.087500     -63.190785     0
1     90.372272     -62.972272     0
1     90.590785     -62.687500     0
1     90.728148     -62.355876     0
1     90.775000     -62.000000     0
2     4.775000     -62.000000     0
2     4.763237     -61.820526     0
2     4.728148     -61.644124     0
2     4.590785     -61.312500     0
2     4.372272     -61.027728     0
2     4.087500     -60.809215     0
2     3.755876     -60.671852     0
2     3.400000     -60.625000     0
2     3.044124     -60.671852     0
2     2.712500     -60.809215     0
2     2.427728     -61.027728     0
2     2.209215     -61.312500     0
2     2.071852     -61.644124     0
2     2.025000     -62.000000     0
2     2.071852     -62.355876     0
2     2.209215     -62.687500     0
2     2.427728     -62.972272     0
2     2.712500     -63.190785     0
2     3.044124     -63.328148     0
2     3.400000     -63.375000     0
2     3.755876     -63.328148     0
2     4.087500     -63.190785     0
2     4.372272     -62.972272     0
2     4.590785     -62.687500     0
2     4.728148     -62.355876     0
2     4.775000     -62.000000     0
3     4.775000     -4.000000     0
3     4.763237     -3.820526     0
3     4.728148     -3.644124     0
3     4.590785     -3.312500     0
3     4.372272     -3.027728     0
3     4.087500     -2.809215     0
3     3.755876     -2.671852     0
3     3.400000     -2.625000     0
3     3.044124     -2.671852     0
3     2.712500     -2.809215     0
3     2.427728     -3.027728     0
3     2.209215     -3.312500     0
3     2.071852     -3.644124     0
3     2.025000     -4.000000     0
3     2.071852     -4.355876     0
3     2.209215     -4.687500     0
3     2.427728     -4.972272     0
3     2.712500     -5.190785     0
3     3.044124     -5.328148     0
3     3.400000     -5.375000     0
3     3.755876     -5.328148     0
3     4.087500     -5.190785     0
3     4.372272     -4.972272     0
3     4.590785     -4.687500     0
3     4.728148     -4.355876     0
3     4.775000     -4.000000     0
4     90.775000     -4.000000     0
4     90.763237     -3.820526     0
4     90.728148     -3.644124     0
4     90.590785     -3.312500     0
4     90.372272     -3.027728     0
4     90.087500     -2.809215     0
4     89.755876     -2.671852     0
4     89.400000     -2.625000     0
4     89.044124     -2.671852     0
4     88.712500     -2.809215     0
4     88.427728     -3.027728     0
4     88.209215     -3.312500     0
4     88.071852     -3.644124     0
4     88.025000     -4.000000     0
4     88.071852     -4.355876     0
4     88.209215     -4.687500     0
4     88.427728     -4.972272     0
4     88.712500     -5.190785     0
4     89.044124     -5.328148     0
4     89.400000     -5.375000     0
4     89.755876     -5.328148     0
4     90.087500     -5.190785     0
4     90.372272     -4.972272     0
4     90.590785     -4.687500     0
4     90.728148     -4.355876     0
4     90.775000     -4.000000     0
