########### array before sorts ###########
0	0.000000	-8.890000	17.450000	-8.890000	n
1	17.450000	-8.890000	17.453000	19.050000	n
2	17.453000	19.050000	25.400000	19.050000	n
3	25.400000	19.050000	25.400000	29.210000	n
4	25.400000	29.210000	17.450000	29.210000	n
5	17.450000	29.210000	17.450000	64.760000	n
6	17.450000	64.760000	0.000000	64.760000	n
7	0.000000	64.760000	0.000000	29.210000	n
8	0.000000	29.210000	-8.890000	29.210000	n
9	-8.890000	29.210000	-8.890000	19.050000	n
10	-8.890000	19.050000	0.000000	19.050000	n
11	0.000000	19.050000	0.000000	-8.890000	n
Tolerance=0.050000.
*Exact match for i=0 and j=1.
*i point 0.000000	-8.890000	17.450000	-8.890000	y
*Exact match for i=1 and j=2.
*i point 17.450000	-8.890000	17.453000	19.050000	y
*Exact match for i=2 and j=3.
*i point 17.453000	19.050000	25.400000	19.050000	y
*Exact match for i=3 and j=4.
*i point 25.400000	19.050000	25.400000	29.210000	y
*Exact match for i=4 and j=5.
*i point 25.400000	29.210000	17.450000	29.210000	y
*Exact match for i=5 and j=6.
*i point 17.450000	29.210000	17.450000	64.760000	y
*Exact match for i=6 and j=7.
*i point 17.450000	64.760000	0.000000	64.760000	y
*Exact match for i=7 and j=8.
*i point 0.000000	64.760000	0.000000	29.210000	y
*Exact match for i=8 and j=9.
*i point 0.000000	29.210000	-8.890000	29.210000	y
*Exact match for i=9 and j=10.
*i point -8.890000	29.210000	-8.890000	19.050000	y
*Exact match for i=10 and j=11.
*i point -8.890000	19.050000	0.000000	19.050000	y
########### array after sorts ###########
0	0.000000	-8.890000	17.450000	-8.890000	y
1	17.450000	-8.890000	17.453000	19.050000	y
2	17.453000	19.050000	25.400000	19.050000	y
3	25.400000	19.050000	25.400000	29.210000	y
4	25.400000	29.210000	17.450000	29.210000	y
5	17.450000	29.210000	17.450000	64.760000	y
6	17.450000	64.760000	0.000000	64.760000	y
7	0.000000	64.760000	0.000000	29.210000	y
8	0.000000	29.210000	-8.890000	29.210000	y
9	-8.890000	29.210000	-8.890000	19.050000	y
10	-8.890000	19.050000	0.000000	19.050000	y
11	0.000000	19.050000	0.000000	-8.890000	y
***************
.BOARD_OUTLINE UNOWNED
1.6
0     0.000000     -8.890000     0
0     17.450000     -8.890000     0
0     17.453000     19.050000     0
0     25.400000     19.050000     0
0     25.400000     29.210000     0
0     17.450000     29.210000     0
0     17.450000     64.760000     0
0     0.000000     64.760000     0
0     0.000000     29.210000     0
0     -8.890000     29.210000     0
0     -8.890000     19.050000     0
0     0.000000     19.050000     0
0     0.000000     -8.890000     0
