########### array before sorts ###########
0	0.000000	-7.620000	65.710000	-7.620000	n
1	65.710000	-7.620000	65.710000	29.200000	n
2	65.710000	29.200000	0.000000	29.200000	n
3	0.000000	29.200000	0.000000	-7.620000	n
Tolerance=0.050000.
*Exact match for i=0 and j=1.
*i point 0.000000	-7.620000	65.710000	-7.620000	y
*Exact match for i=1 and j=2.
*i point 65.710000	-7.620000	65.710000	29.200000	y
*Exact match for i=2 and j=3.
*i point 65.710000	29.200000	0.000000	29.200000	y
########### array after sorts ###########
0	0.000000	-7.620000	65.710000	-7.620000	y
1	65.710000	-7.620000	65.710000	29.200000	y
2	65.710000	29.200000	0.000000	29.200000	y
3	0.000000	29.200000	0.000000	-7.620000	y
***************
.BOARD_OUTLINE UNOWNED
1.6
0     0.000000     -7.620000     0
0     65.710000     -7.620000     0
0     65.710000     29.200000     0
0     0.000000     29.200000     0
0     0.000000     -7.620000     0
